1776505138.087020 client started (1852): version 3.4, socket /tmp/tmux-1000/default, protocol 8
1776505138.087087 on Linux 6.8.0-110-generic #110-Ubuntu SMP PREEMPT_DYNAMIC Thu Mar 19 15:09:20 UTC 2026
1776505138.087093 using libevent 2.1.12-stable poll
1776505138.087096 using ncurses 6.4 20240113
1776505138.087111 flags are 0x10010000
1776505138.087125 socket is /tmp/tmux-1000/default
1776505138.087146 trying connect
1776505138.087216 add peer 0x5872a88f0810: 6 ((nil))
1776505138.087581 sending message 100 to peer 0x5872a88f0810 (4 bytes)
1776505138.087598 sending message 111 to peer 0x5872a88f0810 (8 bytes)
1776505138.087603 sending message 101 to peer 0x5872a88f0810 (14 bytes)
1776505138.087606 sending message 109 to peer 0x5872a88f0810 (4 bytes)
1776505138.087609 sending message 102 to peer 0x5872a88f0810 (11 bytes)
1776505138.087611 sending message 108 to peer 0x5872a88f0810 (18 bytes)
1776505138.087614 sending message 112 to peer 0x5872a88f0810 (70 bytes)
1776505138.087617 sending message 112 to peer 0x5872a88f0810 (5 bytes)
1776505138.087619 sending message 112 to peer 0x5872a88f0810 (5 bytes)
1776505138.087622 sending message 112 to peer 0x5872a88f0810 (6 bytes)
1776505138.087624 sending message 112 to peer 0x5872a88f0810 (6 bytes)
1776505138.087626 sending message 112 to peer 0x5872a88f0810 (11 bytes)
1776505138.087629 sending message 112 to peer 0x5872a88f0810 (10 bytes)
1776505138.087631 sending message 112 to peer 0x5872a88f0810 (13 bytes)
1776505138.087634 sending message 112 to peer 0x5872a88f0810 (13 bytes)
1776505138.087636 sending message 112 to peer 0x5872a88f0810 (18 bytes)
1776505138.087639 sending message 112 to peer 0x5872a88f0810 (11 bytes)
1776505138.087641 sending message 112 to peer 0x5872a88f0810 (10 bytes)
1776505138.087643 sending message 112 to peer 0x5872a88f0810 (15 bytes)
1776505138.087646 sending message 112 to peer 0x5872a88f0810 (21 bytes)
1776505138.087648 sending message 112 to peer 0x5872a88f0810 (13 bytes)
1776505138.087650 sending message 112 to peer 0x5872a88f0810 (7 bytes)
1776505138.087653 sending message 112 to peer 0x5872a88f0810 (13 bytes)
1776505138.087655 sending message 112 to peer 0x5872a88f0810 (7 bytes)
1776505138.087658 sending message 112 to peer 0x5872a88f0810 (13 bytes)
1776505138.087660 sending message 112 to peer 0x5872a88f0810 (9 bytes)
1776505138.087662 sending message 112 to peer 0x5872a88f0810 (21 bytes)
1776505138.087665 sending message 112 to peer 0x5872a88f0810 (13 bytes)
1776505138.087667 sending message 112 to peer 0x5872a88f0810 (8 bytes)
1776505138.087670 sending message 112 to peer 0x5872a88f0810 (12 bytes)
1776505138.087672 sending message 112 to peer 0x5872a88f0810 (13 bytes)
1776505138.087675 sending message 112 to peer 0x5872a88f0810 (9 bytes)
1776505138.087677 sending message 112 to peer 0x5872a88f0810 (9 bytes)
1776505138.087680 sending message 112 to peer 0x5872a88f0810 (12 bytes)
1776505138.087682 sending message 112 to peer 0x5872a88f0810 (8 bytes)
1776505138.087685 sending message 112 to peer 0x5872a88f0810 (8 bytes)
1776505138.087687 sending message 112 to peer 0x5872a88f0810 (7 bytes)
1776505138.087690 sending message 112 to peer 0x5872a88f0810 (7 bytes)
1776505138.087692 sending message 112 to peer 0x5872a88f0810 (9 bytes)
1776505138.087695 sending message 112 to peer 0x5872a88f0810 (13 bytes)
1776505138.087697 sending message 112 to peer 0x5872a88f0810 (6 bytes)
1776505138.087700 sending message 112 to peer 0x5872a88f0810 (9 bytes)
1776505138.087702 sending message 112 to peer 0x5872a88f0810 (15 bytes)
1776505138.087705 sending message 112 to peer 0x5872a88f0810 (13 bytes)
1776505138.087707 sending message 112 to peer 0x5872a88f0810 (12 bytes)
1776505138.087709 sending message 112 to peer 0x5872a88f0810 (8 bytes)
1776505138.087712 sending message 112 to peer 0x5872a88f0810 (14 bytes)
1776505138.087714 sending message 112 to peer 0x5872a88f0810 (11 bytes)
1776505138.087717 sending message 112 to peer 0x5872a88f0810 (9 bytes)
1776505138.087719 sending message 112 to peer 0x5872a88f0810 (10 bytes)
1776505138.087722 sending message 112 to peer 0x5872a88f0810 (10 bytes)
1776505138.087737 sending message 112 to peer 0x5872a88f0810 (10 bytes)
1776505138.087740 sending message 112 to peer 0x5872a88f0810 (10 bytes)
1776505138.087742 sending message 112 to peer 0x5872a88f0810 (11 bytes)
1776505138.087745 sending message 112 to peer 0x5872a88f0810 (12 bytes)
1776505138.087747 sending message 112 to peer 0x5872a88f0810 (12 bytes)
1776505138.087750 sending message 112 to peer 0x5872a88f0810 (12 bytes)
1776505138.087752 sending message 112 to peer 0x5872a88f0810 (12 bytes)
1776505138.087755 sending message 112 to peer 0x5872a88f0810 (12 bytes)
1776505138.087757 sending message 112 to peer 0x5872a88f0810 (11 bytes)
1776505138.087759 sending message 112 to peer 0x5872a88f0810 (11 bytes)
1776505138.087762 sending message 112 to peer 0x5872a88f0810 (12 bytes)
1776505138.087764 sending message 112 to peer 0x5872a88f0810 (12 bytes)
1776505138.087767 sending message 112 to peer 0x5872a88f0810 (12 bytes)
1776505138.087769 sending message 112 to peer 0x5872a88f0810 (12 bytes)
1776505138.087771 sending message 112 to peer 0x5872a88f0810 (12 bytes)
1776505138.087774 sending message 112 to peer 0x5872a88f0810 (10 bytes)
1776505138.087776 sending message 112 to peer 0x5872a88f0810 (12 bytes)
1776505138.087880 sending message 112 to peer 0x5872a88f0810 (13 bytes)
1776505138.087887 sending message 112 to peer 0x5872a88f0810 (13 bytes)
1776505138.087890 sending message 112 to peer 0x5872a88f0810 (13 bytes)
1776505138.087892 sending message 112 to peer 0x5872a88f0810 (13 bytes)
1776505138.087895 sending message 112 to peer 0x5872a88f0810 (13 bytes)
1776505138.087897 sending message 112 to peer 0x5872a88f0810 (8 bytes)
1776505138.087900 sending message 112 to peer 0x5872a88f0810 (11 bytes)
1776505138.087902 sending message 112 to peer 0x5872a88f0810 (11 bytes)
1776505138.087905 sending message 112 to peer 0x5872a88f0810 (11 bytes)
1776505138.087907 sending message 112 to peer 0x5872a88f0810 (12 bytes)
1776505138.087910 sending message 112 to peer 0x5872a88f0810 (12 bytes)
1776505138.087912 sending message 112 to peer 0x5872a88f0810 (12 bytes)
1776505138.087915 sending message 112 to peer 0x5872a88f0810 (12 bytes)
1776505138.087917 sending message 112 to peer 0x5872a88f0810 (13 bytes)
1776505138.087919 sending message 112 to peer 0x5872a88f0810 (13 bytes)
1776505138.087922 sending message 112 to peer 0x5872a88f0810 (13 bytes)
1776505138.087924 sending message 112 to peer 0x5872a88f0810 (8 bytes)
1776505138.087927 sending message 112 to peer 0x5872a88f0810 (13 bytes)
1776505138.087929 sending message 112 to peer 0x5872a88f0810 (13 bytes)
1776505138.087932 sending message 112 to peer 0x5872a88f0810 (13 bytes)
1776505138.087934 sending message 112 to peer 0x5872a88f0810 (13 bytes)
1776505138.087936 sending message 112 to peer 0x5872a88f0810 (13 bytes)
1776505138.087939 sending message 112 to peer 0x5872a88f0810 (12 bytes)
1776505138.087941 sending message 112 to peer 0x5872a88f0810 (12 bytes)
1776505138.087944 sending message 112 to peer 0x5872a88f0810 (12 bytes)
1776505138.087946 sending message 112 to peer 0x5872a88f0810 (12 bytes)
1776505138.087949 sending message 112 to peer 0x5872a88f0810 (13 bytes)
1776505138.087951 sending message 112 to peer 0x5872a88f0810 (8 bytes)
1776505138.087953 sending message 112 to peer 0x5872a88f0810 (13 bytes)
1776505138.087956 sending message 112 to peer 0x5872a88f0810 (13 bytes)
1776505138.087958 sending message 112 to peer 0x5872a88f0810 (13 bytes)
1776505138.087961 sending message 112 to peer 0x5872a88f0810 (13 bytes)
1776505138.087963 sending message 112 to peer 0x5872a88f0810 (13 bytes)
1776505138.087965 sending message 112 to peer 0x5872a88f0810 (13 bytes)
1776505138.087968 sending message 112 to peer 0x5872a88f0810 (13 bytes)
1776505138.087970 sending message 112 to peer 0x5872a88f0810 (12 bytes)
1776505138.087973 sending message 112 to peer 0x5872a88f0810 (12 bytes)
1776505138.087975 sending message 112 to peer 0x5872a88f0810 (12 bytes)
1776505138.087978 sending message 112 to peer 0x5872a88f0810 (8 bytes)
1776505138.088029 sending message 112 to peer 0x5872a88f0810 (12 bytes)
1776505138.088048 sending message 112 to peer 0x5872a88f0810 (13 bytes)
1776505138.088051 sending message 112 to peer 0x5872a88f0810 (13 bytes)
1776505138.088053 sending message 112 to peer 0x5872a88f0810 (13 bytes)
1776505138.088056 sending message 112 to peer 0x5872a88f0810 (13 bytes)
1776505138.088058 sending message 112 to peer 0x5872a88f0810 (13 bytes)
1776505138.088061 sending message 112 to peer 0x5872a88f0810 (13 bytes)
1776505138.088063 sending message 112 to peer 0x5872a88f0810 (13 bytes)
1776505138.088065 sending message 112 to peer 0x5872a88f0810 (13 bytes)
1776505138.088068 sending message 112 to peer 0x5872a88f0810 (12 bytes)
1776505138.088070 sending message 112 to peer 0x5872a88f0810 (10 bytes)
1776505138.088073 sending message 112 to peer 0x5872a88f0810 (12 bytes)
1776505138.088075 sending message 112 to peer 0x5872a88f0810 (12 bytes)
1776505138.088077 sending message 112 to peer 0x5872a88f0810 (12 bytes)
1776505138.088080 sending message 112 to peer 0x5872a88f0810 (13 bytes)
1776505138.088082 sending message 112 to peer 0x5872a88f0810 (13 bytes)
1776505138.088085 sending message 112 to peer 0x5872a88f0810 (13 bytes)
1776505138.088087 sending message 112 to peer 0x5872a88f0810 (13 bytes)
1776505138.088089 sending message 112 to peer 0x5872a88f0810 (13 bytes)
1776505138.088092 sending message 112 to peer 0x5872a88f0810 (13 bytes)
1776505138.088094 sending message 112 to peer 0x5872a88f0810 (13 bytes)
1776505138.088097 sending message 112 to peer 0x5872a88f0810 (10 bytes)
1776505138.088099 sending message 112 to peer 0x5872a88f0810 (13 bytes)
1776505138.088101 sending message 112 to peer 0x5872a88f0810 (12 bytes)
1776505138.088104 sending message 112 to peer 0x5872a88f0810 (12 bytes)
1776505138.088106 sending message 112 to peer 0x5872a88f0810 (12 bytes)
1776505138.088109 sending message 112 to peer 0x5872a88f0810 (10 bytes)
1776505138.088111 sending message 112 to peer 0x5872a88f0810 (10 bytes)
1776505138.088113 sending message 112 to peer 0x5872a88f0810 (10 bytes)
1776505138.088116 sending message 112 to peer 0x5872a88f0810 (12 bytes)
1776505138.088118 sending message 112 to peer 0x5872a88f0810 (13 bytes)
1776505138.088121 sending message 112 to peer 0x5872a88f0810 (13 bytes)
1776505138.088123 sending message 112 to peer 0x5872a88f0810 (13 bytes)
1776505138.088126 sending message 112 to peer 0x5872a88f0810 (13 bytes)
1776505138.088129 sending message 112 to peer 0x5872a88f0810 (13 bytes)
1776505138.088132 sending message 112 to peer 0x5872a88f0810 (11 bytes)
1776505138.088135 sending message 112 to peer 0x5872a88f0810 (11 bytes)
1776505138.088137 sending message 112 to peer 0x5872a88f0810 (12 bytes)
1776505138.088139 sending message 112 to peer 0x5872a88f0810 (12 bytes)
1776505138.088142 sending message 112 to peer 0x5872a88f0810 (12 bytes)
1776505138.088144 sending message 112 to peer 0x5872a88f0810 (12 bytes)
1776505138.088147 sending message 112 to peer 0x5872a88f0810 (12 bytes)
1776505138.088149 sending message 112 to peer 0x5872a88f0810 (11 bytes)
1776505138.088152 sending message 112 to peer 0x5872a88f0810 (12 bytes)
1776505138.088154 sending message 112 to peer 0x5872a88f0810 (12 bytes)
1776505138.088156 sending message 112 to peer 0x5872a88f0810 (13 bytes)
1776505138.088159 sending message 112 to peer 0x5872a88f0810 (13 bytes)
1776505138.088161 sending message 112 to peer 0x5872a88f0810 (13 bytes)
1776505138.088163 sending message 112 to peer 0x5872a88f0810 (13 bytes)
1776505138.088166 sending message 112 to peer 0x5872a88f0810 (13 bytes)
1776505138.088168 sending message 112 to peer 0x5872a88f0810 (10 bytes)
1776505138.088171 sending message 112 to peer 0x5872a88f0810 (9 bytes)
1776505138.088173 sending message 112 to peer 0x5872a88f0810 (12 bytes)
1776505138.088176 sending message 112 to peer 0x5872a88f0810 (13 bytes)
1776505138.088178 sending message 112 to peer 0x5872a88f0810 (13 bytes)
1776505138.088181 sending message 112 to peer 0x5872a88f0810 (13 bytes)
1776505138.088183 sending message 112 to peer 0x5872a88f0810 (13 bytes)
1776505138.088185 sending message 112 to peer 0x5872a88f0810 (13 bytes)
1776505138.088191 sending message 112 to peer 0x5872a88f0810 (9 bytes)
1776505138.088194 sending message 112 to peer 0x5872a88f0810 (12 bytes)
1776505138.088196 sending message 112 to peer 0x5872a88f0810 (13 bytes)
1776505138.088199 sending message 112 to peer 0x5872a88f0810 (13 bytes)
1776505138.088201 sending message 112 to peer 0x5872a88f0810 (13 bytes)
1776505138.088204 sending message 112 to peer 0x5872a88f0810 (13 bytes)
1776505138.088206 sending message 112 to peer 0x5872a88f0810 (13 bytes)
1776505138.088209 sending message 112 to peer 0x5872a88f0810 (11 bytes)
1776505138.088211 sending message 112 to peer 0x5872a88f0810 (12 bytes)
1776505138.088213 sending message 112 to peer 0x5872a88f0810 (13 bytes)
1776505138.088216 sending message 112 to peer 0x5872a88f0810 (13 bytes)
1776505138.088218 sending message 112 to peer 0x5872a88f0810 (13 bytes)
1776505138.088221 sending message 112 to peer 0x5872a88f0810 (13 bytes)
1776505138.088223 sending message 112 to peer 0x5872a88f0810 (13 bytes)
1776505138.088226 sending message 112 to peer 0x5872a88f0810 (11 bytes)
1776505138.088228 sending message 112 to peer 0x5872a88f0810 (12 bytes)
1776505138.088231 sending message 112 to peer 0x5872a88f0810 (12 bytes)
1776505138.088233 sending message 112 to peer 0x5872a88f0810 (12 bytes)
1776505138.088235 sending message 112 to peer 0x5872a88f0810 (12 bytes)
1776505138.088238 sending message 112 to peer 0x5872a88f0810 (12 bytes)
1776505138.088240 sending message 112 to peer 0x5872a88f0810 (21 bytes)
1776505138.088243 sending message 112 to peer 0x5872a88f0810 (12 bytes)
1776505138.088246 sending message 112 to peer 0x5872a88f0810 (9 bytes)
1776505138.088249 sending message 112 to peer 0x5872a88f0810 (6 bytes)
1776505138.088251 sending message 112 to peer 0x5872a88f0810 (13 bytes)
1776505138.088254 sending message 112 to peer 0x5872a88f0810 (8 bytes)
1776505138.088256 sending message 112 to peer 0x5872a88f0810 (15 bytes)
1776505138.088259 sending message 112 to peer 0x5872a88f0810 (13 bytes)
1776505138.088262 sending message 112 to peer 0x5872a88f0810 (9 bytes)
1776505138.088264 sending message 112 to peer 0x5872a88f0810 (70 bytes)
1776505138.088267 sending message 112 to peer 0x5872a88f0810 (69 bytes)
1776505138.088270 sending message 112 to peer 0x5872a88f0810 (10 bytes)
1776505138.088272 sending message 112 to peer 0x5872a88f0810 (10 bytes)
1776505138.088275 sending message 112 to peer 0x5872a88f0810 (8 bytes)
1776505138.088277 sending message 112 to peer 0x5872a88f0810 (15 bytes)
1776505138.088279 sending message 112 to peer 0x5872a88f0810 (13 bytes)
1776505138.088282 sending message 112 to peer 0x5872a88f0810 (10 bytes)
1776505138.088284 sending message 112 to peer 0x5872a88f0810 (10 bytes)
1776505138.088287 sending message 112 to peer 0x5872a88f0810 (17 bytes)
1776505138.088290 sending message 112 to peer 0x5872a88f0810 (10 bytes)
1776505138.088293 sending message 112 to peer 0x5872a88f0810 (13 bytes)
1776505138.088295 sending message 112 to peer 0x5872a88f0810 (9 bytes)
1776505138.088298 sending message 112 to peer 0x5872a88f0810 (5 bytes)
1776505138.088300 sending message 112 to peer 0x5872a88f0810 (15 bytes)
1776505138.088304 sending message 104 to peer 0x5872a88f0810 (0 bytes)
1776505138.088307 sending message 110 to peer 0x5872a88f0810 (0 bytes)
1776505138.088311 sending message 107 to peer 0x5872a88f0810 (4 bytes)
1776505138.088313 sending message 105 to peer 0x5872a88f0810 (16 bytes)
1776505138.088316 sending message 105 to peer 0x5872a88f0810 (25 bytes)
1776505138.088319 sending message 105 to peer 0x5872a88f0810 (35 bytes)
1776505138.088321 sending message 105 to peer 0x5872a88f0810 (22 bytes)
1776505138.088324 sending message 105 to peer 0x5872a88f0810 (14 bytes)
1776505138.088326 sending message 105 to peer 0x5872a88f0810 (21 bytes)
1776505138.088329 sending message 105 to peer 0x5872a88f0810 (17 bytes)
1776505138.088332 sending message 105 to peer 0x5872a88f0810 (17 bytes)
1776505138.088335 sending message 105 to peer 0x5872a88f0810 (1817 bytes)
1776505138.088349 sending message 105 to peer 0x5872a88f0810 (26 bytes)
1776505138.088354 sending message 105 to peer 0x5872a88f0810 (34 bytes)
1776505138.088357 sending message 105 to peer 0x5872a88f0810 (23 bytes)
1776505138.088359 sending message 105 to peer 0x5872a88f0810 (19 bytes)
1776505138.088362 sending message 105 to peer 0x5872a88f0810 (32 bytes)
1776505138.088364 sending message 105 to peer 0x5872a88f0810 (11 bytes)
1776505138.088367 sending message 105 to peer 0x5872a88f0810 (13 bytes)
1776505138.088369 sending message 105 to peer 0x5872a88f0810 (8 bytes)
1776505138.088372 sending message 105 to peer 0x5872a88f0810 (17 bytes)
1776505138.088374 sending message 105 to peer 0x5872a88f0810 (31 bytes)
1776505138.088376 sending message 105 to peer 0x5872a88f0810 (34 bytes)
1776505138.088379 sending message 105 to peer 0x5872a88f0810 (65 bytes)
1776505138.088382 sending message 105 to peer 0x5872a88f0810 (146 bytes)
1776505138.088384 sending message 105 to peer 0x5872a88f0810 (54 bytes)
1776505138.088387 sending message 105 to peer 0x5872a88f0810 (19 bytes)
1776505138.088390 sending message 105 to peer 0x5872a88f0810 (25 bytes)
1776505138.088393 sending message 105 to peer 0x5872a88f0810 (18 bytes)
1776505138.088395 sending message 105 to peer 0x5872a88f0810 (16 bytes)
1776505138.088398 sending message 106 to peer 0x5872a88f0810 (0 bytes)
1776505138.088505 sending message 200 to peer 0x5872a88f0810 (4 bytes)
1776505138.088520 client loop enter
1776505138.091136 peer 0x5872a88f0810 message 303
1776505138.091343 open write file 2 -
1776505138.091379 sending message 305 to peer 0x5872a88f0810 (8 bytes)
1776505138.091402 write check file 2
1776505138.091991 peer 0x5872a88f0810 message 304
1776505138.092022 write 58 to file 2
1776505138.092029 peer 0x5872a88f0810 message 203
1776505138.092033 file 2 58 bytes left
1776505138.093747 write check file 2
1776505138.093778 client loop exit
