1776505133.986853 client started (1831): version 3.4, socket /tmp/tmux-1000/default, protocol 8
1776505133.986892 on Linux 6.8.0-110-generic #110-Ubuntu SMP PREEMPT_DYNAMIC Thu Mar 19 15:09:20 UTC 2026
1776505133.986897 using libevent 2.1.12-stable poll
1776505133.986900 using ncurses 6.4 20240113
1776505133.986914 flags are 0x18010000
1776505133.986926 socket is /tmp/tmux-1000/default
1776505133.986941 trying connect
1776505133.986998 add peer 0x5a437cd59940: 6 ((nil))
1776505133.987215 sending message 100 to peer 0x5a437cd59940 (4 bytes)
1776505133.987221 sending message 111 to peer 0x5a437cd59940 (8 bytes)
1776505133.987224 sending message 101 to peer 0x5a437cd59940 (6 bytes)
1776505133.987226 sending message 109 to peer 0x5a437cd59940 (4 bytes)
1776505133.987229 sending message 102 to peer 0x5a437cd59940 (10 bytes)
1776505133.987231 sending message 108 to peer 0x5a437cd59940 (18 bytes)
1776505133.987234 sending message 112 to peer 0x5a437cd59940 (70 bytes)
1776505133.987237 sending message 112 to peer 0x5a437cd59940 (5 bytes)
1776505133.987239 sending message 112 to peer 0x5a437cd59940 (5 bytes)
1776505133.987242 sending message 112 to peer 0x5a437cd59940 (6 bytes)
1776505133.987244 sending message 112 to peer 0x5a437cd59940 (6 bytes)
1776505133.987247 sending message 112 to peer 0x5a437cd59940 (11 bytes)
1776505133.987249 sending message 112 to peer 0x5a437cd59940 (10 bytes)
1776505133.987251 sending message 112 to peer 0x5a437cd59940 (18 bytes)
1776505133.987254 sending message 112 to peer 0x5a437cd59940 (13 bytes)
1776505133.987256 sending message 112 to peer 0x5a437cd59940 (18 bytes)
1776505133.987259 sending message 112 to peer 0x5a437cd59940 (9 bytes)
1776505133.987261 sending message 112 to peer 0x5a437cd59940 (21 bytes)
1776505133.987263 sending message 112 to peer 0x5a437cd59940 (13 bytes)
1776505133.987266 sending message 112 to peer 0x5a437cd59940 (7 bytes)
1776505133.987268 sending message 112 to peer 0x5a437cd59940 (13 bytes)
1776505133.987271 sending message 112 to peer 0x5a437cd59940 (7 bytes)
1776505133.987273 sending message 112 to peer 0x5a437cd59940 (13 bytes)
1776505133.987275 sending message 112 to peer 0x5a437cd59940 (9 bytes)
1776505133.987278 sending message 112 to peer 0x5a437cd59940 (21 bytes)
1776505133.987280 sending message 112 to peer 0x5a437cd59940 (13 bytes)
1776505133.987283 sending message 112 to peer 0x5a437cd59940 (9 bytes)
1776505133.987285 sending message 112 to peer 0x5a437cd59940 (18 bytes)
1776505133.987287 sending message 112 to peer 0x5a437cd59940 (13 bytes)
1776505133.987290 sending message 112 to peer 0x5a437cd59940 (9 bytes)
1776505133.987292 sending message 112 to peer 0x5a437cd59940 (9 bytes)
1776505133.987295 sending message 112 to peer 0x5a437cd59940 (12 bytes)
1776505133.987297 sending message 112 to peer 0x5a437cd59940 (8 bytes)
1776505133.987299 sending message 112 to peer 0x5a437cd59940 (8 bytes)
1776505133.987302 sending message 112 to peer 0x5a437cd59940 (13 bytes)
1776505133.987304 sending message 112 to peer 0x5a437cd59940 (7 bytes)
1776505133.987307 sending message 112 to peer 0x5a437cd59940 (7 bytes)
1776505133.987309 sending message 112 to peer 0x5a437cd59940 (9 bytes)
1776505133.987312 sending message 112 to peer 0x5a437cd59940 (10 bytes)
1776505133.987314 sending message 112 to peer 0x5a437cd59940 (9 bytes)
1776505133.987317 sending message 112 to peer 0x5a437cd59940 (15 bytes)
1776505133.987319 sending message 112 to peer 0x5a437cd59940 (13 bytes)
1776505133.987322 sending message 112 to peer 0x5a437cd59940 (9 bytes)
1776505133.987324 sending message 112 to peer 0x5a437cd59940 (12 bytes)
1776505133.987327 sending message 112 to peer 0x5a437cd59940 (8 bytes)
1776505133.987329 sending message 112 to peer 0x5a437cd59940 (8 bytes)
1776505133.987331 sending message 112 to peer 0x5a437cd59940 (10 bytes)
1776505133.987334 sending message 112 to peer 0x5a437cd59940 (10 bytes)
1776505133.987336 sending message 112 to peer 0x5a437cd59940 (10 bytes)
1776505133.987339 sending message 112 to peer 0x5a437cd59940 (10 bytes)
1776505133.987341 sending message 112 to peer 0x5a437cd59940 (11 bytes)
1776505133.987350 sending message 112 to peer 0x5a437cd59940 (10 bytes)
1776505133.987353 sending message 112 to peer 0x5a437cd59940 (9 bytes)
1776505133.987355 sending message 112 to peer 0x5a437cd59940 (11 bytes)
1776505133.987358 sending message 112 to peer 0x5a437cd59940 (11 bytes)
1776505133.987360 sending message 112 to peer 0x5a437cd59940 (11 bytes)
1776505133.987363 sending message 112 to peer 0x5a437cd59940 (11 bytes)
1776505133.987365 sending message 112 to peer 0x5a437cd59940 (11 bytes)
1776505133.987367 sending message 112 to peer 0x5a437cd59940 (11 bytes)
1776505133.987370 sending message 112 to peer 0x5a437cd59940 (11 bytes)
1776505133.987372 sending message 112 to peer 0x5a437cd59940 (11 bytes)
1776505133.987375 sending message 112 to peer 0x5a437cd59940 (11 bytes)
1776505133.987377 sending message 112 to peer 0x5a437cd59940 (11 bytes)
1776505133.987379 sending message 112 to peer 0x5a437cd59940 (9 bytes)
1776505133.987382 sending message 112 to peer 0x5a437cd59940 (11 bytes)
1776505133.987384 sending message 112 to peer 0x5a437cd59940 (9 bytes)
1776505133.987387 sending message 112 to peer 0x5a437cd59940 (9 bytes)
1776505133.987389 sending message 112 to peer 0x5a437cd59940 (9 bytes)
1776505133.987392 sending message 112 to peer 0x5a437cd59940 (10 bytes)
1776505133.987394 sending message 112 to peer 0x5a437cd59940 (10 bytes)
1776505133.987396 sending message 112 to peer 0x5a437cd59940 (10 bytes)
1776505133.987399 sending message 112 to peer 0x5a437cd59940 (10 bytes)
1776505133.987401 sending message 112 to peer 0x5a437cd59940 (11 bytes)
1776505133.987404 sending message 112 to peer 0x5a437cd59940 (11 bytes)
1776505133.987406 sending message 112 to peer 0x5a437cd59940 (10 bytes)
1776505133.987408 sending message 112 to peer 0x5a437cd59940 (9 bytes)
1776505133.987411 sending message 112 to peer 0x5a437cd59940 (9 bytes)
1776505133.987413 sending message 112 to peer 0x5a437cd59940 (12 bytes)
1776505133.987416 sending message 112 to peer 0x5a437cd59940 (9 bytes)
1776505133.987418 sending message 112 to peer 0x5a437cd59940 (6 bytes)
1776505133.987421 sending message 112 to peer 0x5a437cd59940 (8 bytes)
1776505133.987423 sending message 112 to peer 0x5a437cd59940 (16 bytes)
1776505133.987425 sending message 112 to peer 0x5a437cd59940 (16 bytes)
1776505133.987428 sending message 112 to peer 0x5a437cd59940 (10 bytes)
1776505133.987430 sending message 112 to peer 0x5a437cd59940 (8 bytes)
1776505133.987433 sending message 112 to peer 0x5a437cd59940 (10 bytes)
1776505133.987435 sending message 112 to peer 0x5a437cd59940 (10 bytes)
1776505133.987438 sending message 112 to peer 0x5a437cd59940 (5 bytes)
1776505133.987440 sending message 112 to peer 0x5a437cd59940 (15 bytes)
1776505133.987444 sending message 104 to peer 0x5a437cd59940 (0 bytes)
1776505133.987447 sending message 110 to peer 0x5a437cd59940 (0 bytes)
1776505133.987449 sending message 107 to peer 0x5a437cd59940 (4 bytes)
1776505133.987452 sending message 105 to peer 0x5a437cd59940 (16 bytes)
1776505133.987455 sending message 105 to peer 0x5a437cd59940 (58 bytes)
1776505133.987457 sending message 105 to peer 0x5a437cd59940 (51 bytes)
1776505133.987460 sending message 105 to peer 0x5a437cd59940 (15 bytes)
1776505133.987462 sending message 105 to peer 0x5a437cd59940 (22 bytes)
1776505133.987465 sending message 105 to peer 0x5a437cd59940 (14 bytes)
1776505133.987467 sending message 105 to peer 0x5a437cd59940 (21 bytes)
1776505133.987470 sending message 105 to peer 0x5a437cd59940 (21 bytes)
1776505133.987472 sending message 105 to peer 0x5a437cd59940 (17 bytes)
1776505133.987474 sending message 105 to peer 0x5a437cd59940 (17 bytes)
1776505133.987477 sending message 105 to peer 0x5a437cd59940 (1817 bytes)
1776505133.987490 sending message 105 to peer 0x5a437cd59940 (104 bytes)
1776505133.987493 sending message 105 to peer 0x5a437cd59940 (47 bytes)
1776505133.987495 sending message 105 to peer 0x5a437cd59940 (26 bytes)
1776505133.987498 sending message 105 to peer 0x5a437cd59940 (34 bytes)
1776505133.987501 sending message 105 to peer 0x5a437cd59940 (23 bytes)
1776505133.987508 sending message 105 to peer 0x5a437cd59940 (11 bytes)
1776505133.987512 sending message 105 to peer 0x5a437cd59940 (32 bytes)
1776505133.987515 sending message 105 to peer 0x5a437cd59940 (11 bytes)
1776505133.987518 sending message 105 to peer 0x5a437cd59940 (8 bytes)
1776505133.987522 sending message 105 to peer 0x5a437cd59940 (11 bytes)
1776505133.987525 sending message 105 to peer 0x5a437cd59940 (17 bytes)
1776505133.987529 sending message 105 to peer 0x5a437cd59940 (31 bytes)
1776505133.987532 sending message 105 to peer 0x5a437cd59940 (65 bytes)
1776505133.987536 sending message 105 to peer 0x5a437cd59940 (16 bytes)
1776505133.987540 sending message 105 to peer 0x5a437cd59940 (125 bytes)
1776505133.987544 sending message 105 to peer 0x5a437cd59940 (54 bytes)
1776505133.987546 sending message 105 to peer 0x5a437cd59940 (21 bytes)
1776505133.987549 sending message 105 to peer 0x5a437cd59940 (16 bytes)
1776505133.987551 sending message 105 to peer 0x5a437cd59940 (31 bytes)
1776505133.987554 sending message 106 to peer 0x5a437cd59940 (0 bytes)
1776505133.987587 sending message 200 to peer 0x5a437cd59940 (4 bytes)
1776505133.987590 client loop enter
1776505134.013912 peer 0x5a437cd59940 message 207
1776505134.017759 sending message 208 to peer 0x5a437cd59940 (0 bytes)
1776505147.068793 peer 0x5a437cd59940 message 203
1776505147.068854 sending message 205 to peer 0x5a437cd59940 (0 bytes)
1776505147.071756 peer 0x5a437cd59940 message 204
1776505147.071790 client loop exit
