1776505047.407544 client started (1755): version 3.4, socket /tmp/tmux-1000/default, protocol 8
1776505047.407571 on Linux 6.8.0-110-generic #110-Ubuntu SMP PREEMPT_DYNAMIC Thu Mar 19 15:09:20 UTC 2026
1776505047.407575 using libevent 2.1.12-stable poll
1776505047.407577 using ncurses 6.4 20240113
1776505047.407592 flags are 0x18010000
1776505047.407604 socket is /tmp/tmux-1000/default
1776505047.407618 trying connect
1776505047.407638 connect failed: No such file or directory
1776505047.407649 lock file is /tmp/tmux-1000/default.lock
1776505047.407664 flock succeeded
1776505047.407666 got lock (6)
1776505047.407669 trying connect
1776505047.407674 connect failed: No such file or directory
1776505047.408353 add peer 0x5ff2b05d3c30: 7 ((nil))
1776505047.409053 sending message 100 to peer 0x5ff2b05d3c30 (4 bytes)
1776505047.409066 sending message 111 to peer 0x5ff2b05d3c30 (8 bytes)
1776505047.409070 sending message 101 to peer 0x5ff2b05d3c30 (6 bytes)
1776505047.409072 sending message 109 to peer 0x5ff2b05d3c30 (4 bytes)
1776505047.409075 sending message 102 to peer 0x5ff2b05d3c30 (10 bytes)
1776505047.409078 sending message 108 to peer 0x5ff2b05d3c30 (18 bytes)
1776505047.409081 sending message 112 to peer 0x5ff2b05d3c30 (70 bytes)
1776505047.409090 sending message 112 to peer 0x5ff2b05d3c30 (5 bytes)
1776505047.409098 sending message 112 to peer 0x5ff2b05d3c30 (5 bytes)
1776505047.409101 sending message 112 to peer 0x5ff2b05d3c30 (6 bytes)
1776505047.409104 sending message 112 to peer 0x5ff2b05d3c30 (6 bytes)
1776505047.409107 sending message 112 to peer 0x5ff2b05d3c30 (11 bytes)
1776505047.409110 sending message 112 to peer 0x5ff2b05d3c30 (10 bytes)
1776505047.409112 sending message 112 to peer 0x5ff2b05d3c30 (18 bytes)
1776505047.409115 sending message 112 to peer 0x5ff2b05d3c30 (13 bytes)
1776505047.409117 sending message 112 to peer 0x5ff2b05d3c30 (18 bytes)
1776505047.409120 sending message 112 to peer 0x5ff2b05d3c30 (9 bytes)
1776505047.409123 sending message 112 to peer 0x5ff2b05d3c30 (21 bytes)
1776505047.409125 sending message 112 to peer 0x5ff2b05d3c30 (13 bytes)
1776505047.409128 sending message 112 to peer 0x5ff2b05d3c30 (7 bytes)
1776505047.409130 sending message 112 to peer 0x5ff2b05d3c30 (13 bytes)
1776505047.409133 sending message 112 to peer 0x5ff2b05d3c30 (7 bytes)
1776505047.409135 sending message 112 to peer 0x5ff2b05d3c30 (13 bytes)
1776505047.409137 sending message 112 to peer 0x5ff2b05d3c30 (9 bytes)
1776505047.409139 sending message 112 to peer 0x5ff2b05d3c30 (21 bytes)
1776505047.409141 sending message 112 to peer 0x5ff2b05d3c30 (13 bytes)
1776505047.409143 sending message 112 to peer 0x5ff2b05d3c30 (9 bytes)
1776505047.409144 sending message 112 to peer 0x5ff2b05d3c30 (18 bytes)
1776505047.409146 sending message 112 to peer 0x5ff2b05d3c30 (13 bytes)
1776505047.409148 sending message 112 to peer 0x5ff2b05d3c30 (9 bytes)
1776505047.409150 sending message 112 to peer 0x5ff2b05d3c30 (9 bytes)
1776505047.409152 sending message 112 to peer 0x5ff2b05d3c30 (12 bytes)
1776505047.409154 sending message 112 to peer 0x5ff2b05d3c30 (8 bytes)
1776505047.409156 sending message 112 to peer 0x5ff2b05d3c30 (8 bytes)
1776505047.409157 sending message 112 to peer 0x5ff2b05d3c30 (13 bytes)
1776505047.409159 sending message 112 to peer 0x5ff2b05d3c30 (7 bytes)
1776505047.409161 sending message 112 to peer 0x5ff2b05d3c30 (7 bytes)
1776505047.409163 sending message 112 to peer 0x5ff2b05d3c30 (9 bytes)
1776505047.409165 sending message 112 to peer 0x5ff2b05d3c30 (10 bytes)
1776505047.409167 sending message 112 to peer 0x5ff2b05d3c30 (9 bytes)
1776505047.409169 sending message 112 to peer 0x5ff2b05d3c30 (15 bytes)
1776505047.409171 sending message 112 to peer 0x5ff2b05d3c30 (13 bytes)
1776505047.409173 sending message 112 to peer 0x5ff2b05d3c30 (9 bytes)
1776505047.409175 sending message 112 to peer 0x5ff2b05d3c30 (12 bytes)
1776505047.409177 sending message 112 to peer 0x5ff2b05d3c30 (8 bytes)
1776505047.409179 sending message 112 to peer 0x5ff2b05d3c30 (8 bytes)
1776505047.409181 sending message 112 to peer 0x5ff2b05d3c30 (10 bytes)
1776505047.409196 sending message 112 to peer 0x5ff2b05d3c30 (10 bytes)
1776505047.409199 sending message 112 to peer 0x5ff2b05d3c30 (10 bytes)
1776505047.409200 sending message 112 to peer 0x5ff2b05d3c30 (10 bytes)
1776505047.409202 sending message 112 to peer 0x5ff2b05d3c30 (11 bytes)
1776505047.409204 sending message 112 to peer 0x5ff2b05d3c30 (10 bytes)
1776505047.409206 sending message 112 to peer 0x5ff2b05d3c30 (9 bytes)
1776505047.409208 sending message 112 to peer 0x5ff2b05d3c30 (11 bytes)
1776505047.409210 sending message 112 to peer 0x5ff2b05d3c30 (11 bytes)
1776505047.409212 sending message 112 to peer 0x5ff2b05d3c30 (11 bytes)
1776505047.409214 sending message 112 to peer 0x5ff2b05d3c30 (11 bytes)
1776505047.409215 sending message 112 to peer 0x5ff2b05d3c30 (11 bytes)
1776505047.409217 sending message 112 to peer 0x5ff2b05d3c30 (11 bytes)
1776505047.409219 sending message 112 to peer 0x5ff2b05d3c30 (11 bytes)
1776505047.409221 sending message 112 to peer 0x5ff2b05d3c30 (11 bytes)
1776505047.409223 sending message 112 to peer 0x5ff2b05d3c30 (11 bytes)
1776505047.409225 sending message 112 to peer 0x5ff2b05d3c30 (11 bytes)
1776505047.409227 sending message 112 to peer 0x5ff2b05d3c30 (9 bytes)
1776505047.409229 sending message 112 to peer 0x5ff2b05d3c30 (11 bytes)
1776505047.409231 sending message 112 to peer 0x5ff2b05d3c30 (9 bytes)
1776505047.409232 sending message 112 to peer 0x5ff2b05d3c30 (9 bytes)
1776505047.409234 sending message 112 to peer 0x5ff2b05d3c30 (9 bytes)
1776505047.409236 sending message 112 to peer 0x5ff2b05d3c30 (10 bytes)
1776505047.409238 sending message 112 to peer 0x5ff2b05d3c30 (10 bytes)
1776505047.409240 sending message 112 to peer 0x5ff2b05d3c30 (10 bytes)
1776505047.409242 sending message 112 to peer 0x5ff2b05d3c30 (10 bytes)
1776505047.409244 sending message 112 to peer 0x5ff2b05d3c30 (11 bytes)
1776505047.409246 sending message 112 to peer 0x5ff2b05d3c30 (11 bytes)
1776505047.409248 sending message 112 to peer 0x5ff2b05d3c30 (10 bytes)
1776505047.409250 sending message 112 to peer 0x5ff2b05d3c30 (9 bytes)
1776505047.409252 sending message 112 to peer 0x5ff2b05d3c30 (9 bytes)
1776505047.409253 sending message 112 to peer 0x5ff2b05d3c30 (12 bytes)
1776505047.409255 sending message 112 to peer 0x5ff2b05d3c30 (9 bytes)
1776505047.409257 sending message 112 to peer 0x5ff2b05d3c30 (6 bytes)
1776505047.409259 sending message 112 to peer 0x5ff2b05d3c30 (8 bytes)
1776505047.409261 sending message 112 to peer 0x5ff2b05d3c30 (16 bytes)
1776505047.409263 sending message 112 to peer 0x5ff2b05d3c30 (16 bytes)
1776505047.409265 sending message 112 to peer 0x5ff2b05d3c30 (10 bytes)
1776505047.409267 sending message 112 to peer 0x5ff2b05d3c30 (8 bytes)
1776505047.409269 sending message 112 to peer 0x5ff2b05d3c30 (10 bytes)
1776505047.409271 sending message 112 to peer 0x5ff2b05d3c30 (10 bytes)
1776505047.409273 sending message 112 to peer 0x5ff2b05d3c30 (5 bytes)
1776505047.409275 sending message 112 to peer 0x5ff2b05d3c30 (15 bytes)
1776505047.409278 sending message 104 to peer 0x5ff2b05d3c30 (0 bytes)
1776505047.409281 sending message 110 to peer 0x5ff2b05d3c30 (0 bytes)
1776505047.409283 sending message 107 to peer 0x5ff2b05d3c30 (4 bytes)
1776505047.409285 sending message 105 to peer 0x5ff2b05d3c30 (16 bytes)
1776505047.409287 sending message 105 to peer 0x5ff2b05d3c30 (58 bytes)
1776505047.409289 sending message 105 to peer 0x5ff2b05d3c30 (51 bytes)
1776505047.409291 sending message 105 to peer 0x5ff2b05d3c30 (15 bytes)
1776505047.409293 sending message 105 to peer 0x5ff2b05d3c30 (22 bytes)
1776505047.409295 sending message 105 to peer 0x5ff2b05d3c30 (14 bytes)
1776505047.409297 sending message 105 to peer 0x5ff2b05d3c30 (21 bytes)
1776505047.409299 sending message 105 to peer 0x5ff2b05d3c30 (21 bytes)
1776505047.409301 sending message 105 to peer 0x5ff2b05d3c30 (17 bytes)
1776505047.409303 sending message 105 to peer 0x5ff2b05d3c30 (17 bytes)
1776505047.409305 sending message 105 to peer 0x5ff2b05d3c30 (1817 bytes)
1776505047.409318 sending message 105 to peer 0x5ff2b05d3c30 (104 bytes)
1776505047.409324 sending message 105 to peer 0x5ff2b05d3c30 (47 bytes)
1776505047.409326 sending message 105 to peer 0x5ff2b05d3c30 (26 bytes)
1776505047.409328 sending message 105 to peer 0x5ff2b05d3c30 (34 bytes)
1776505047.409330 sending message 105 to peer 0x5ff2b05d3c30 (23 bytes)
1776505047.409338 sending message 105 to peer 0x5ff2b05d3c30 (11 bytes)
1776505047.409340 sending message 105 to peer 0x5ff2b05d3c30 (32 bytes)
1776505047.409341 sending message 105 to peer 0x5ff2b05d3c30 (11 bytes)
1776505047.409343 sending message 105 to peer 0x5ff2b05d3c30 (8 bytes)
1776505047.409345 sending message 105 to peer 0x5ff2b05d3c30 (11 bytes)
1776505047.409347 sending message 105 to peer 0x5ff2b05d3c30 (17 bytes)
1776505047.409349 sending message 105 to peer 0x5ff2b05d3c30 (31 bytes)
1776505047.409351 sending message 105 to peer 0x5ff2b05d3c30 (65 bytes)
1776505047.409354 sending message 105 to peer 0x5ff2b05d3c30 (16 bytes)
1776505047.409356 sending message 105 to peer 0x5ff2b05d3c30 (125 bytes)
1776505047.409358 sending message 105 to peer 0x5ff2b05d3c30 (54 bytes)
1776505047.409360 sending message 105 to peer 0x5ff2b05d3c30 (21 bytes)
1776505047.409362 sending message 105 to peer 0x5ff2b05d3c30 (16 bytes)
1776505047.409364 sending message 105 to peer 0x5ff2b05d3c30 (31 bytes)
1776505047.409366 sending message 106 to peer 0x5ff2b05d3c30 (0 bytes)
1776505047.411480 sending message 200 to peer 0x5ff2b05d3c30 (4 bytes)
1776505047.411527 client loop enter
1776505047.411572 client_signal: Child exited
1776505047.622914 peer 0x5ff2b05d3c30 message 207
1776505047.622964 sending message 208 to peer 0x5ff2b05d3c30 (0 bytes)
1776505066.722946 peer 0x5ff2b05d3c30 message 203
1776505066.722974 sending message 205 to peer 0x5ff2b05d3c30 (0 bytes)
1776505066.729127 peer 0x5ff2b05d3c30 message 204
1776505066.729166 client loop exit
